<?xml version="1.0" encoding="UTF-8"?>
<!-- Generated by org.testng.reporters.JUnitXMLReporter -->
<testsuite hostname="hp-PC" name="Surefire test" tests="3" failures="0" timestamp="29 Mar 2021 12:26:39 GMT" time="0.042" errors="0">
  <testcase name="methodOne" time="0.017" classname="Maven.MavenProj.APITest"/>
  <testcase name="methodTwo" time="0.001" classname="Maven.MavenProj.AppiumTest"/>
  <testcase name="methodThree" time="0.0" classname="Maven.MavenProj.SeleniumTest"/>
</testsuite> <!-- Surefire test -->
