<?xml version="1.0" encoding="UTF-8"?>
<testsuite xmlns:xsi="http://www.w3.org/2001/XMLSchema-instance" xsi:noNamespaceSchemaLocation="https://maven.apache.org/surefire/maven-surefire-plugin/xsd/surefire-test-report-3.0.xsd" version="3.0" name="TestSuite" time="1.126" tests="3" errors="0" skipped="0" failures="0">
  <properties>
[...]
</properties>
  <testcase name="methodOne" classname="Maven.MavenProj.APITest" time="0.028">
    <system-out><![CDATA[hello
]]></system-out>
  </testcase>
  <testcase name="methodTwo" classname="Maven.MavenProj.AppiumTest" time="0">
    <system-out><![CDATA[hell
]]></system-out>
  </testcase>
  <testcase name="methodThree" classname="Maven.MavenProj.SeleniumTest" time="0">
    <system-out><![CDATA[hello
]]></system-out>
  </testcase>
</testsuite>