<?xml version="1.0" encoding="UTF-8"?>
<testng-results ignored="0" total="1" passed="1" failed="0" skipped="0">
  <reporter-output>
  </reporter-output>
  <suite started-at="2021-03-29T12:49:47 IST" name="Default suite" finished-at="2021-03-29T12:49:47 IST" duration-ms="107">
    <groups>
    </groups>
    <test started-at="2021-03-29T12:49:47 IST" name="Default test" finished-at="2021-03-29T12:49:47 IST" duration-ms="107">
      <class name="Maven.MavenProj.SeleniumTest">
        <test-method signature="methodThree()[pri:0, instance:Maven.MavenProj.SeleniumTest@2f217633]" started-at="2021-03-29T12:49:47 IST" name="methodThree" finished-at="2021-03-29T12:49:47 IST" duration-ms="29" status="PASS">
          <reporter-output>
          </reporter-output>
        </test-method> <!-- methodThree -->
      </class> <!-- Maven.MavenProj.SeleniumTest -->
    </test> <!-- Default test -->
  </suite> <!-- Default suite -->
</testng-results>
